app/build/intermediates/manifest_merge_blame_file/debug/manifest-merger-blame-debug-report.txt
1<?xml version="1.0" encoding="utf-8"?>
2<manifest xmlns:android="http://schemas.android.com/apk/res/android"
3    package="com.freehdmovies.movies"
4    android:versionCode="1"
5    android:versionName="1.0" >
6
7    <uses-sdk
8        android:minSdkVersion="21"
8-->src\main\AndroidManifest.xml
9        android:targetSdkVersion="29" />
9-->src\main\AndroidManifest.xml
10
11    <uses-feature
11-->src\main\AndroidManifest.xml:7:5-9:36
12        android:name="android.software.leanback"
12-->src\main\AndroidManifest.xml:8:9-49
13        android:required="false" />
13-->src\main\AndroidManifest.xml:9:9-33
14    <uses-feature
14-->src\main\AndroidManifest.xml:10:5-12:36
15        android:name="android.hardware.touchscreen"
15-->src\main\AndroidManifest.xml:11:9-52
16        android:required="false" />
16-->src\main\AndroidManifest.xml:12:9-33
17
18    <uses-permission android:name="android.permission.INTERNET" />
18-->src\main\AndroidManifest.xml:14:5-67
18-->src\main\AndroidManifest.xml:14:22-64
19    <uses-permission android:name="android.permission.ACCESS_NETWORK_STATE" />
19-->src\main\AndroidManifest.xml:15:5-79
19-->src\main\AndroidManifest.xml:15:22-76
20    <uses-permission android:name="android.permission.READ_EXTERNAL_STORAGE" />
20-->src\main\AndroidManifest.xml:16:5-80
20-->src\main\AndroidManifest.xml:16:22-77
21    <uses-permission android:name="android.permission.READ_INTERNAL_STORAGE" />
21-->src\main\AndroidManifest.xml:17:5-80
21-->src\main\AndroidManifest.xml:17:22-77
22    <uses-permission android:name="android.permission.WRITE_EXTERNAL_STORAGE" />
22-->src\main\AndroidManifest.xml:18:5-81
22-->src\main\AndroidManifest.xml:18:22-78
23    <uses-permission android:name="android.permission.WRITE_INTERNAL_STORAGE" />
23-->src\main\AndroidManifest.xml:19:5-81
23-->src\main\AndroidManifest.xml:19:22-78
24    <uses-permission android:name="android.permission.ACCESS_WIFI_STATE" /> <!-- Create a unique permission for your app and use it so only your app can receive your OneSignal messages. -->
24-->[com.google.android.libraries.cast.companionlibrary:ccl:2.8.4] AndroidManifest.xml:26:5-76
24-->[com.google.android.libraries.cast.companionlibrary:ccl:2.8.4] AndroidManifest.xml:26:22-73
25    <permission
25-->[com.onesignal:OneSignal:3.12.2] AndroidManifest.xml:7:5-9:47
26        android:name="com.freehdmovies.movies.permission.C2D_MESSAGE"
26-->[com.onesignal:OneSignal:3.12.2] AndroidManifest.xml:8:9-63
27        android:protectionLevel="signature" />
27-->[com.onesignal:OneSignal:3.12.2] AndroidManifest.xml:9:9-44
28
29    <uses-permission android:name="com.freehdmovies.movies.permission.C2D_MESSAGE" />
29-->[com.onesignal:OneSignal:3.12.2] AndroidManifest.xml:11:5-79
29-->[com.onesignal:OneSignal:3.12.2] AndroidManifest.xml:11:22-76
30    <uses-permission android:name="com.google.android.c2dm.permission.RECEIVE" /> <!-- Required, makes sure notifications are delivered on time. -->
30-->[com.onesignal:OneSignal:3.12.2] AndroidManifest.xml:17:5-82
30-->[com.onesignal:OneSignal:3.12.2] AndroidManifest.xml:17:22-79
31    <uses-permission android:name="android.permission.WAKE_LOCK" />
31-->[com.onesignal:OneSignal:3.12.2] AndroidManifest.xml:18:5-68
31-->[com.onesignal:OneSignal:3.12.2] AndroidManifest.xml:18:22-65
32    <!--
33 Required so the device vibrates on receiving a push notification.
34         Vibration settings of the device still apply.
35    -->
36    <uses-permission android:name="android.permission.VIBRATE" />
36-->[com.onesignal:OneSignal:3.12.2] AndroidManifest.xml:23:5-66
36-->[com.onesignal:OneSignal:3.12.2] AndroidManifest.xml:23:22-63
37    <!--
38 Use to restore notifications the user hasn't interacted with.
39         They could be missed notifications if the user reboots their device if this isn't in place.
40    -->
41    <uses-permission android:name="android.permission.RECEIVE_BOOT_COMPLETED" /> <!-- START: ShortcutBadger -->
41-->[com.onesignal:OneSignal:3.12.2] AndroidManifest.xml:29:5-81
41-->[com.onesignal:OneSignal:3.12.2] AndroidManifest.xml:29:22-78
42    <!-- Samsung -->
43    <uses-permission android:name="com.sec.android.provider.badge.permission.READ" />
43-->[com.onesignal:OneSignal:3.12.2] AndroidManifest.xml:31:5-86
43-->[com.onesignal:OneSignal:3.12.2] AndroidManifest.xml:31:22-83
44    <uses-permission android:name="com.sec.android.provider.badge.permission.WRITE" /> <!-- HTC -->
44-->[com.onesignal:OneSignal:3.12.2] AndroidManifest.xml:32:5-87
44-->[com.onesignal:OneSignal:3.12.2] AndroidManifest.xml:32:22-84
45    <uses-permission android:name="com.htc.launcher.permission.READ_SETTINGS" />
45-->[com.onesignal:OneSignal:3.12.2] AndroidManifest.xml:33:5-81
45-->[com.onesignal:OneSignal:3.12.2] AndroidManifest.xml:33:22-78
46    <uses-permission android:name="com.htc.launcher.permission.UPDATE_SHORTCUT" /> <!-- Sony -->
46-->[com.onesignal:OneSignal:3.12.2] AndroidManifest.xml:34:5-83
46-->[com.onesignal:OneSignal:3.12.2] AndroidManifest.xml:34:22-80
47    <uses-permission android:name="com.sonyericsson.home.permission.BROADCAST_BADGE" />
47-->[com.onesignal:OneSignal:3.12.2] AndroidManifest.xml:35:5-88
47-->[com.onesignal:OneSignal:3.12.2] AndroidManifest.xml:35:22-85
48    <uses-permission android:name="com.sonymobile.home.permission.PROVIDER_INSERT_BADGE" /> <!-- Apex -->
48-->[com.onesignal:OneSignal:3.12.2] AndroidManifest.xml:36:5-92
48-->[com.onesignal:OneSignal:3.12.2] AndroidManifest.xml:36:22-89
49    <uses-permission android:name="com.anddoes.launcher.permission.UPDATE_COUNT" /> <!-- Solid -->
49-->[com.onesignal:OneSignal:3.12.2] AndroidManifest.xml:37:5-84
49-->[com.onesignal:OneSignal:3.12.2] AndroidManifest.xml:37:22-81
50    <uses-permission android:name="com.majeur.launcher.permission.UPDATE_BADGE" /> <!-- Huawei -->
50-->[com.onesignal:OneSignal:3.12.2] AndroidManifest.xml:38:5-83
50-->[com.onesignal:OneSignal:3.12.2] AndroidManifest.xml:38:22-80
51    <uses-permission android:name="com.huawei.android.launcher.permission.CHANGE_BADGE" />
51-->[com.onesignal:OneSignal:3.12.2] AndroidManifest.xml:39:5-91
51-->[com.onesignal:OneSignal:3.12.2] AndroidManifest.xml:39:22-88
52    <uses-permission android:name="com.huawei.android.launcher.permission.READ_SETTINGS" />
52-->[com.onesignal:OneSignal:3.12.2] AndroidManifest.xml:40:5-92
52-->[com.onesignal:OneSignal:3.12.2] AndroidManifest.xml:40:22-89
53    <uses-permission android:name="com.huawei.android.launcher.permission.WRITE_SETTINGS" /> <!-- ZUK -->
53-->[com.onesignal:OneSignal:3.12.2] AndroidManifest.xml:41:5-93
53-->[com.onesignal:OneSignal:3.12.2] AndroidManifest.xml:41:22-90
54    <uses-permission android:name="android.permission.READ_APP_BADGE" /> <!-- OPPO -->
54-->[com.onesignal:OneSignal:3.12.2] AndroidManifest.xml:42:5-73
54-->[com.onesignal:OneSignal:3.12.2] AndroidManifest.xml:42:22-70
55    <uses-permission android:name="com.oppo.launcher.permission.READ_SETTINGS" />
55-->[com.onesignal:OneSignal:3.12.2] AndroidManifest.xml:43:5-82
55-->[com.onesignal:OneSignal:3.12.2] AndroidManifest.xml:43:22-79
56    <uses-permission android:name="com.oppo.launcher.permission.WRITE_SETTINGS" /> <!-- EvMe -->
56-->[com.onesignal:OneSignal:3.12.2] AndroidManifest.xml:44:5-83
56-->[com.onesignal:OneSignal:3.12.2] AndroidManifest.xml:44:22-80
57    <uses-permission android:name="me.everything.badger.permission.BADGE_COUNT_READ" />
57-->[com.onesignal:OneSignal:3.12.2] AndroidManifest.xml:45:5-88
57-->[com.onesignal:OneSignal:3.12.2] AndroidManifest.xml:45:22-85
58    <uses-permission android:name="me.everything.badger.permission.BADGE_COUNT_WRITE" />
58-->[com.onesignal:OneSignal:3.12.2] AndroidManifest.xml:46:5-89
58-->[com.onesignal:OneSignal:3.12.2] AndroidManifest.xml:46:22-86
59    <uses-permission android:name="com.google.android.finsky.permission.BIND_GET_INSTALL_REFERRER_SERVICE" />
59-->[com.google.android.gms:play-services-measurement:16.4.0] AndroidManifest.xml:26:5-110
59-->[com.google.android.gms:play-services-measurement:16.4.0] AndroidManifest.xml:26:22-107
60
61    <application
61-->src\main\AndroidManifest.xml:21:5-112:19
62        android:name="com.freehdmovies.movies.freehdmovies_utl.MyAppClass"
62-->src\main\AndroidManifest.xml:22:9-75
63        android:allowBackup="true"
63-->src\main\AndroidManifest.xml:23:9-35
64        android:appComponentFactory="androidx.core.app.CoreComponentFactory"
64-->[androidx.core:core:1.1.0] AndroidManifest.xml:24:18-86
65        android:debuggable="true"
66        android:icon="@mipmap/ic_launcher"
66-->src\main\AndroidManifest.xml:24:9-43
67        android:label="@string/app_name"
67-->src\main\AndroidManifest.xml:25:9-41
68        android:roundIcon="@mipmap/ic_launcher_round"
68-->src\main\AndroidManifest.xml:26:9-54
69        android:supportsRtl="true"
69-->src\main\AndroidManifest.xml:27:9-35
70        android:testOnly="true"
71        android:theme="@style/AppTheme"
71-->src\main\AndroidManifest.xml:28:9-40
72        android:usesCleartextTraffic="true" >
72-->src\main\AndroidManifest.xml:29:9-44
73        <activity
73-->src\main\AndroidManifest.xml:31:9-33:63
74            android:name="com.freehdmovies.movies.WebViewActivity"
74-->src\main\AndroidManifest.xml:31:19-73
75            android:screenOrientation="landscape"
75-->src\main\AndroidManifest.xml:32:13-50
76            android:theme="@style/FullscreenTheme" />
76-->src\main\AndroidManifest.xml:33:13-51
77
78        <meta-data
78-->src\main\AndroidManifest.xml:35:9-37:70
79            android:name="com.google.android.gms.ads.APPLICATION_ID"
79-->src\main\AndroidManifest.xml:36:13-69
80            android:value="ca-app-pub-8804184340526788~7833821786" />
80-->src\main\AndroidManifest.xml:37:13-67
81        <meta-data
81-->src\main\AndroidManifest.xml:38:9-40:39
82            android:name="com.onesignal.NotificationOpened.DEFAULT"
82-->src\main\AndroidManifest.xml:39:13-68
83            android:value="DISABLE" />
83-->src\main\AndroidManifest.xml:40:13-36
84        <meta-data
84-->src\main\AndroidManifest.xml:41:9-43:97
85            android:name="com.google.android.gms.cast.framework.OPTIONS_PROVIDER_CLASS_NAME"
85-->src\main\AndroidManifest.xml:42:13-93
86            android:value="com.google.android.exoplayer2.ext.cast.DefaultCastOptionsProvider" />
86-->src\main\AndroidManifest.xml:43:13-94
87
88        <activity
88-->src\main\AndroidManifest.xml:45:9-48:53
89            android:name="com.freehdmovies.movies.TermsActivity"
89-->src\main\AndroidManifest.xml:46:13-65
90            android:screenOrientation="portrait"
90-->src\main\AndroidManifest.xml:47:13-49
91            android:theme="@style/AppTheme.Nobar" />
91-->src\main\AndroidManifest.xml:48:13-50
92        <activity
92-->src\main\AndroidManifest.xml:49:9-53:59
93            android:name="com.freehdmovies.movies.ReplyActivity"
93-->src\main\AndroidManifest.xml:50:13-65
94            android:label="@string/title_activity_reply"
94-->src\main\AndroidManifest.xml:51:13-57
95            android:screenOrientation="portrait"
95-->src\main\AndroidManifest.xml:52:13-49
96            android:theme="@style/AppTheme.NoActionBar" />
96-->src\main\AndroidManifest.xml:53:13-56
97        <activity
97-->src\main\AndroidManifest.xml:54:9-57:53
98            android:name="com.freehdmovies.movies.ProfileActivity"
98-->src\main\AndroidManifest.xml:55:13-67
99            android:screenOrientation="portrait"
99-->src\main\AndroidManifest.xml:56:13-49
100            android:theme="@style/AppTheme.Nobar" />
100-->src\main\AndroidManifest.xml:57:13-50
101        <activity
101-->src\main\AndroidManifest.xml:58:9-61:53
102            android:name="com.freehdmovies.movies.PassResetActivity"
102-->src\main\AndroidManifest.xml:59:13-69
103            android:screenOrientation="portrait"
103-->src\main\AndroidManifest.xml:60:13-49
104            android:theme="@style/AppTheme.Nobar" />
104-->src\main\AndroidManifest.xml:61:13-50
105        <activity
105-->src\main\AndroidManifest.xml:62:9-65:53
106            android:name="com.freehdmovies.movies.SearchActivity"
106-->src\main\AndroidManifest.xml:63:13-66
107            android:screenOrientation="portrait"
107-->src\main\AndroidManifest.xml:64:13-49
108            android:theme="@style/AppTheme.Nobar" />
108-->src\main\AndroidManifest.xml:65:13-50
109        <activity
109-->src\main\AndroidManifest.xml:66:9-69:53
110            android:name="com.freehdmovies.movies.SignUpActivity"
110-->src\main\AndroidManifest.xml:67:13-66
111            android:screenOrientation="portrait"
111-->src\main\AndroidManifest.xml:68:13-49
112            android:theme="@style/AppTheme.Nobar" />
112-->src\main\AndroidManifest.xml:69:13-50
113        <activity
113-->src\main\AndroidManifest.xml:70:9-73:53
114            android:name="com.freehdmovies.movies.LoginActivity"
114-->src\main\AndroidManifest.xml:71:13-65
115            android:screenOrientation="portrait"
115-->src\main\AndroidManifest.xml:72:13-49
116            android:theme="@style/AppTheme.Nobar" />
116-->src\main\AndroidManifest.xml:73:13-50
117        <activity
117-->src\main\AndroidManifest.xml:74:9-78:59
118            android:name="com.freehdmovies.movies.DetailsActivity"
118-->src\main\AndroidManifest.xml:75:13-67
119            android:configChanges="screenLayout|screenSize|orientation"
119-->src\main\AndroidManifest.xml:76:13-72
120            android:label="@string/title_activity_details"
120-->src\main\AndroidManifest.xml:77:13-59
121            android:theme="@style/AppTheme.NoActionBar" /> <!-- android:configChanges="screenLayout|screenSize|orientation" -->
121-->src\main\AndroidManifest.xml:78:13-56
122        <activity
122-->src\main\AndroidManifest.xml:79:9-83:55
123            android:name="com.freehdmovies.movies.MainActivity"
123-->src\main\AndroidManifest.xml:80:13-64
124            android:screenOrientation="portrait"
124-->src\main\AndroidManifest.xml:81:13-49
125            android:theme="@style/AppTheme.Nobar"
125-->src\main\AndroidManifest.xml:82:13-50
126            android:windowSoftInputMode="adjustPan" />
126-->src\main\AndroidManifest.xml:83:13-52
127        <activity
127-->src\main\AndroidManifest.xml:84:9-86:53
128            android:name="com.freehdmovies.movies.SettingsActivity"
128-->src\main\AndroidManifest.xml:85:13-68
129            android:theme="@style/AppTheme.Nobar" />
129-->src\main\AndroidManifest.xml:86:13-50
130        <activity
130-->src\main\AndroidManifest.xml:87:9-97:20
131            android:name="com.freehdmovies.movies.SplashscreenActivity"
131-->src\main\AndroidManifest.xml:88:13-72
132            android:configChanges="orientation|keyboardHidden|screenSize"
132-->src\main\AndroidManifest.xml:89:13-74
133            android:screenOrientation="portrait"
133-->src\main\AndroidManifest.xml:90:13-49
134            android:theme="@style/FullscreenTheme" >
134-->src\main\AndroidManifest.xml:91:13-51
135            <intent-filter>
135-->src\main\AndroidManifest.xml:92:13-96:29
136                <action android:name="android.intent.action.MAIN" />
136-->src\main\AndroidManifest.xml:93:17-69
136-->src\main\AndroidManifest.xml:93:25-66
137
138                <category android:name="android.intent.category.LAUNCHER" />
138-->src\main\AndroidManifest.xml:95:17-77
138-->src\main\AndroidManifest.xml:95:27-74
139            </intent-filter>
140        </activity>
141        <activity
141-->src\main\AndroidManifest.xml:98:9-102:59
142            android:name="com.freehdmovies.movies.ItemMovieActivity"
142-->src\main\AndroidManifest.xml:99:13-69
143            android:label="@string/title_activity_item_show"
143-->src\main\AndroidManifest.xml:100:13-61
144            android:screenOrientation="portrait"
144-->src\main\AndroidManifest.xml:101:13-49
145            android:theme="@style/AppTheme.NoActionBar" />
145-->src\main\AndroidManifest.xml:102:13-56
146        <activity
146-->src\main\AndroidManifest.xml:103:9-106:53
147            android:name="com.freehdmovies.movies.ItemTVActivity"
147-->src\main\AndroidManifest.xml:104:13-66
148            android:screenOrientation="portrait"
148-->src\main\AndroidManifest.xml:105:13-49
149            android:theme="@style/AppTheme.Nobar" />
149-->src\main\AndroidManifest.xml:106:13-50
150        <activity
150-->src\main\AndroidManifest.xml:107:9-110:53
151            android:name="com.freehdmovies.movies.ItemSeriesActivity"
151-->src\main\AndroidManifest.xml:108:13-70
152            android:screenOrientation="portrait"
152-->src\main\AndroidManifest.xml:109:13-49
153            android:theme="@style/AppTheme.Nobar" />
153-->src\main\AndroidManifest.xml:110:13-50
154        <activity android:name="com.freehdmovies.movies.UpdateActivity" />
154-->src\main\AndroidManifest.xml:111:9-74
154-->src\main\AndroidManifest.xml:111:19-72
155
156        <receiver
156-->[com.google.android.gms:play-services-cast-framework:15.0.1] AndroidManifest.xml:8:9-10:40
157            android:name="com.google.android.gms.cast.framework.media.MediaIntentReceiver"
157-->[com.google.android.gms:play-services-cast-framework:15.0.1] AndroidManifest.xml:9:13-91
158            android:exported="false" />
158-->[com.google.android.gms:play-services-cast-framework:15.0.1] AndroidManifest.xml:10:13-37
159
160        <service android:name="com.google.android.gms.cast.framework.media.MediaNotificationService" />
160-->[com.google.android.gms:play-services-cast-framework:15.0.1] AndroidManifest.xml:12:9-104
160-->[com.google.android.gms:play-services-cast-framework:15.0.1] AndroidManifest.xml:12:18-101
161        <service android:name="com.google.android.gms.cast.framework.ReconnectionService" />
161-->[com.google.android.gms:play-services-cast-framework:15.0.1] AndroidManifest.xml:13:9-93
161-->[com.google.android.gms:play-services-cast-framework:15.0.1] AndroidManifest.xml:13:18-90
162
163        <meta-data
163-->[com.onesignal:OneSignal:3.12.2] AndroidManifest.xml:49:9-51:51
164            android:name="onesignal_app_id"
164-->[com.onesignal:OneSignal:3.12.2] AndroidManifest.xml:50:13-44
165            android:value="9925814d-feb0-4c1e-b4d6-6ceff839e4c6" /> <!-- Deprecated - Pulled from OneSignal dashboard. -->
165-->[com.onesignal:OneSignal:3.12.2] AndroidManifest.xml:51:13-48
166        <meta-data
166-->[com.onesignal:OneSignal:3.12.2] AndroidManifest.xml:53:9-55:70
167            android:name="onesignal_google_project_number"
167-->[com.onesignal:OneSignal:3.12.2] AndroidManifest.xml:54:13-59
168            android:value="str:REMOTE" />
168-->[com.onesignal:OneSignal:3.12.2] AndroidManifest.xml:55:13-67
169
170        <receiver
170-->[com.onesignal:OneSignal:3.12.2] AndroidManifest.xml:57:9-67:20
171            android:name="com.onesignal.GcmBroadcastReceiver"
171-->[com.onesignal:OneSignal:3.12.2] AndroidManifest.xml:58:13-62
172            android:permission="com.google.android.c2dm.permission.SEND" >
172-->[com.onesignal:OneSignal:3.12.2] AndroidManifest.xml:59:13-73
173
174            <!-- High priority so OneSignal payloads can be filtered from other GCM receivers if filterOtherGCMReceivers is enabled. -->
175            <intent-filter android:priority="999" >
175-->[com.onesignal:OneSignal:3.12.2] AndroidManifest.xml:62:13-66:29
175-->[com.onesignal:OneSignal:3.12.2] AndroidManifest.xml:62:28-50
176                <action android:name="com.google.android.c2dm.intent.RECEIVE" />
176-->[com.onesignal:OneSignal:3.12.2] AndroidManifest.xml:63:17-81
176-->[com.onesignal:OneSignal:3.12.2] AndroidManifest.xml:63:25-78
177
178                <category android:name="com.freehdmovies.movies" />
178-->[com.onesignal:OneSignal:3.12.2] AndroidManifest.xml:65:17-61
178-->[com.onesignal:OneSignal:3.12.2] AndroidManifest.xml:65:27-58
179            </intent-filter>
180        </receiver>
181        <receiver android:name="com.onesignal.NotificationOpenedReceiver" />
181-->[com.onesignal:OneSignal:3.12.2] AndroidManifest.xml:68:9-77
181-->[com.onesignal:OneSignal:3.12.2] AndroidManifest.xml:68:19-74
182
183        <service android:name="com.onesignal.GcmIntentService" />
183-->[com.onesignal:OneSignal:3.12.2] AndroidManifest.xml:70:9-66
183-->[com.onesignal:OneSignal:3.12.2] AndroidManifest.xml:70:18-63
184        <service
184-->[com.onesignal:OneSignal:3.12.2] AndroidManifest.xml:71:9-73:72
185            android:name="com.onesignal.GcmIntentJobService"
185-->[com.onesignal:OneSignal:3.12.2] AndroidManifest.xml:72:13-61
186            android:permission="android.permission.BIND_JOB_SERVICE" />
186-->[com.onesignal:OneSignal:3.12.2] AndroidManifest.xml:73:13-69
187        <service
187-->[com.onesignal:OneSignal:3.12.2] AndroidManifest.xml:74:9-76:72
188            android:name="com.onesignal.RestoreJobService"
188-->[com.onesignal:OneSignal:3.12.2] AndroidManifest.xml:75:13-59
189            android:permission="android.permission.BIND_JOB_SERVICE" />
189-->[com.onesignal:OneSignal:3.12.2] AndroidManifest.xml:76:13-69
190        <service
190-->[com.onesignal:OneSignal:3.12.2] AndroidManifest.xml:77:9-79:72
191            android:name="com.onesignal.RestoreKickoffJobService"
191-->[com.onesignal:OneSignal:3.12.2] AndroidManifest.xml:78:13-66
192            android:permission="android.permission.BIND_JOB_SERVICE" />
192-->[com.onesignal:OneSignal:3.12.2] AndroidManifest.xml:79:13-69
193        <service
193-->[com.onesignal:OneSignal:3.12.2] AndroidManifest.xml:80:9-82:43
194            android:name="com.onesignal.SyncService"
194-->[com.onesignal:OneSignal:3.12.2] AndroidManifest.xml:81:13-53
195            android:stopWithTask="true" />
195-->[com.onesignal:OneSignal:3.12.2] AndroidManifest.xml:82:13-40
196        <service
196-->[com.onesignal:OneSignal:3.12.2] AndroidManifest.xml:83:9-85:72
197            android:name="com.onesignal.SyncJobService"
197-->[com.onesignal:OneSignal:3.12.2] AndroidManifest.xml:84:13-56
198            android:permission="android.permission.BIND_JOB_SERVICE" />
198-->[com.onesignal:OneSignal:3.12.2] AndroidManifest.xml:85:13-69
199
200        <activity
200-->[com.onesignal:OneSignal:3.12.2] AndroidManifest.xml:87:9-89:75
201            android:name="com.onesignal.PermissionsActivity"
201-->[com.onesignal:OneSignal:3.12.2] AndroidManifest.xml:88:13-61
202            android:theme="@android:style/Theme.Translucent.NoTitleBar" />
202-->[com.onesignal:OneSignal:3.12.2] AndroidManifest.xml:89:13-72
203
204        <service android:name="com.onesignal.NotificationRestoreService" />
204-->[com.onesignal:OneSignal:3.12.2] AndroidManifest.xml:91:9-76
204-->[com.onesignal:OneSignal:3.12.2] AndroidManifest.xml:91:18-73
205
206        <receiver android:name="com.onesignal.BootUpReceiver" >
206-->[com.onesignal:OneSignal:3.12.2] AndroidManifest.xml:93:9-98:20
206-->[com.onesignal:OneSignal:3.12.2] AndroidManifest.xml:93:19-62
207            <intent-filter>
207-->[com.onesignal:OneSignal:3.12.2] AndroidManifest.xml:94:13-97:29
208                <action android:name="android.intent.action.BOOT_COMPLETED" />
208-->[com.onesignal:OneSignal:3.12.2] AndroidManifest.xml:95:17-79
208-->[com.onesignal:OneSignal:3.12.2] AndroidManifest.xml:95:25-76
209                <action android:name="android.intent.action.QUICKBOOT_POWERON" />
209-->[com.onesignal:OneSignal:3.12.2] AndroidManifest.xml:96:17-82
209-->[com.onesignal:OneSignal:3.12.2] AndroidManifest.xml:96:25-79
210            </intent-filter>
211        </receiver>
212        <receiver android:name="com.onesignal.UpgradeReceiver" >
212-->[com.onesignal:OneSignal:3.12.2] AndroidManifest.xml:99:9-103:20
212-->[com.onesignal:OneSignal:3.12.2] AndroidManifest.xml:99:19-63
213            <intent-filter>
213-->[com.onesignal:OneSignal:3.12.2] AndroidManifest.xml:100:13-102:29
214                <action android:name="android.intent.action.MY_PACKAGE_REPLACED" />
214-->[com.onesignal:OneSignal:3.12.2] AndroidManifest.xml:101:17-84
214-->[com.onesignal:OneSignal:3.12.2] AndroidManifest.xml:101:25-81
215            </intent-filter>
216        </receiver>
217
218        <activity
218-->[com.facebook.android:audience-network-sdk:5.6.0] AndroidManifest.xml:15:9-19:75
219            android:name="com.facebook.ads.AudienceNetworkActivity"
219-->[com.facebook.android:audience-network-sdk:5.6.0] AndroidManifest.xml:16:13-68
220            android:configChanges="keyboardHidden|orientation|screenSize"
220-->[com.facebook.android:audience-network-sdk:5.6.0] AndroidManifest.xml:17:13-74
221            android:exported="false"
221-->[com.facebook.android:audience-network-sdk:5.6.0] AndroidManifest.xml:18:13-37
222            android:theme="@android:style/Theme.Translucent.NoTitleBar" />
222-->[com.facebook.android:audience-network-sdk:5.6.0] AndroidManifest.xml:19:13-72
223        <activity
223-->[com.facebook.android:audience-network-sdk:5.6.0] AndroidManifest.xml:20:9-25:75
224            android:name="com.facebook.ads.internal.ipc.RemoteANActivity"
224-->[com.facebook.android:audience-network-sdk:5.6.0] AndroidManifest.xml:21:13-74
225            android:configChanges="keyboardHidden|orientation|screenSize"
225-->[com.facebook.android:audience-network-sdk:5.6.0] AndroidManifest.xml:22:13-74
226            android:exported="false"
226-->[com.facebook.android:audience-network-sdk:5.6.0] AndroidManifest.xml:23:13-37
227            android:process=":adnw"
227-->[com.facebook.android:audience-network-sdk:5.6.0] AndroidManifest.xml:24:13-36
228            android:theme="@android:style/Theme.Translucent.NoTitleBar" />
228-->[com.facebook.android:audience-network-sdk:5.6.0] AndroidManifest.xml:25:13-72
229
230        <service
230-->[com.facebook.android:audience-network-sdk:5.6.0] AndroidManifest.xml:27:9-29:40
231            android:name="com.facebook.ads.internal.ipc.AdsProcessPriorityService"
231-->[com.facebook.android:audience-network-sdk:5.6.0] AndroidManifest.xml:28:13-83
232            android:exported="false" />
232-->[com.facebook.android:audience-network-sdk:5.6.0] AndroidManifest.xml:29:13-37
233        <service
233-->[com.facebook.android:audience-network-sdk:5.6.0] AndroidManifest.xml:30:9-33:39
234            android:name="com.facebook.ads.internal.ipc.AdsMessengerService"
234-->[com.facebook.android:audience-network-sdk:5.6.0] AndroidManifest.xml:31:13-77
235            android:exported="false"
235-->[com.facebook.android:audience-network-sdk:5.6.0] AndroidManifest.xml:32:13-37
236            android:process=":adnw" />
236-->[com.facebook.android:audience-network-sdk:5.6.0] AndroidManifest.xml:33:13-36
237
238        <provider
238-->[com.facebook.android:audience-network-sdk:5.6.0] AndroidManifest.xml:35:9-38:40
239            android:name="com.facebook.ads.AudienceNetworkContentProvider"
239-->[com.facebook.android:audience-network-sdk:5.6.0] AndroidManifest.xml:36:13-75
240            android:authorities="com.freehdmovies.movies.AudienceNetworkContentProvider"
240-->[com.facebook.android:audience-network-sdk:5.6.0] AndroidManifest.xml:37:13-82
241            android:exported="false" />
241-->[com.facebook.android:audience-network-sdk:5.6.0] AndroidManifest.xml:38:13-37
242        <!--
243             FirebaseMessagingService performs security checks at runtime,
244             no need for explicit permissions despite exported="true"
245        -->
246        <service
246-->[com.google.firebase:firebase-messaging:17.3.3] AndroidManifest.xml:28:9-34:19
247            android:name="com.google.firebase.messaging.FirebaseMessagingService"
247-->[com.google.firebase:firebase-messaging:17.3.3] AndroidManifest.xml:29:13-82
248            android:exported="true" >
248-->[com.google.firebase:firebase-messaging:17.3.3] AndroidManifest.xml:30:13-36
249            <intent-filter android:priority="-500" >
249-->[com.google.firebase:firebase-messaging:17.3.3] AndroidManifest.xml:31:13-33:29
249-->[com.google.firebase:firebase-messaging:17.3.3] AndroidManifest.xml:31:28-51
250                <action android:name="com.google.firebase.MESSAGING_EVENT" />
250-->[com.google.firebase:firebase-messaging:17.3.3] AndroidManifest.xml:32:17-78
250-->[com.google.firebase:firebase-messaging:17.3.3] AndroidManifest.xml:32:25-75
251            </intent-filter>
252        </service>
253
254        <receiver
254-->[com.google.android.gms:play-services-measurement:16.4.0] AndroidManifest.xml:29:9-33:20
255            android:name="com.google.android.gms.measurement.AppMeasurementReceiver"
255-->[com.google.android.gms:play-services-measurement:16.4.0] AndroidManifest.xml:30:13-85
256            android:enabled="true"
256-->[com.google.android.gms:play-services-measurement:16.4.0] AndroidManifest.xml:31:13-35
257            android:exported="false" >
257-->[com.google.android.gms:play-services-measurement:16.4.0] AndroidManifest.xml:32:13-37
258        </receiver>
259        <receiver
259-->[com.google.android.gms:play-services-measurement:16.4.0] AndroidManifest.xml:34:9-42:20
260            android:name="com.google.android.gms.measurement.AppMeasurementInstallReferrerReceiver"
260-->[com.google.android.gms:play-services-measurement:16.4.0] AndroidManifest.xml:35:13-100
261            android:enabled="true"
261-->[com.google.android.gms:play-services-measurement:16.4.0] AndroidManifest.xml:36:13-35
262            android:exported="true"
262-->[com.google.android.gms:play-services-measurement:16.4.0] AndroidManifest.xml:37:13-36
263            android:permission="android.permission.INSTALL_PACKAGES" >
263-->[com.google.android.gms:play-services-measurement:16.4.0] AndroidManifest.xml:38:13-69
264            <intent-filter>
264-->[com.google.android.gms:play-services-measurement:16.4.0] AndroidManifest.xml:39:13-41:29
265                <action android:name="com.android.vending.INSTALL_REFERRER" />
265-->[com.google.android.gms:play-services-measurement:16.4.0] AndroidManifest.xml:40:17-79
265-->[com.google.android.gms:play-services-measurement:16.4.0] AndroidManifest.xml:40:25-76
266            </intent-filter>
267        </receiver>
268
269        <service